<?xml version="1.0" encoding="UTF-8"?>
<!-- Generated by org.testng.reporters.JUnitXMLReporter -->
<testsuite hostname="DESKTOP-E69K95O" name="mercury login test positive data" tests="1" failures="1" timestamp="21 Dec 2019 17:15:48 GMT" time="10.317" errors="0">
  <testcase name="loginTest" time="0.451" classname="com.progressive.Tests.mercuryLogin">
    <failure type="java.lang.AssertionError" message="expected [Login Page] but found [Welcome: Mercury Tours]">
      <![CDATA[java.lang.AssertionError: expected [Login Page] but found [Welcome: Mercury Tours]
	at com.progressive.Tests.mercuryLogin.loginTest(mercuryLogin.java:58)
	at java.util.concurrent.FutureTask.run(Unknown Source)
	at java.util.concurrent.ThreadPoolExecutor.runWorker(Unknown Source)
	at java.util.concurrent.ThreadPoolExecutor$Worker.run(Unknown Source)
	at java.lang.Thread.run(Unknown Source)
... Removed 21 stack frames]]>
    </failure>
  </testcase> <!-- loginTest -->
</testsuite> <!-- mercury login test positive data -->
