<?xml version="1.0" encoding="UTF-8"?>
<testng-results skipped="0" failed="0" total="1" passed="1">
  <reporter-output>
  </reporter-output>
  <suite name="UAT Tests for Release 13.0" duration-ms="9990" started-at="2019-12-15T19:39:18Z" finished-at="2019-12-15T19:39:28Z">
    <groups>
    </groups>
    <test name="UAT Tests" duration-ms="9990" started-at="2019-12-15T19:39:18Z" finished-at="2019-12-15T19:39:28Z">
      <class name="com.progressive.Tests.validateHomePage">
        <test-method status="PASS" signature="setupTest()[pri:0, instance:com.progressive.Tests.validateHomePage@5ae9a829]" name="setupTest" is-config="true" duration-ms="7141" started-at="2019-12-15T14:39:18Z" finished-at="2019-12-15T14:39:25Z">
          <reporter-output>
          </reporter-output>
        </test-method> <!-- setupTest -->
        <test-method status="PASS" signature="validateTitle()[pri:0, instance:com.progressive.Tests.validateHomePage@5ae9a829]" name="validateTitle" duration-ms="12" started-at="2019-12-15T14:39:25Z" finished-at="2019-12-15T14:39:25Z">
          <reporter-output>
          </reporter-output>
        </test-method> <!-- validateTitle -->
        <test-method status="PASS" signature="afterTest()[pri:0, instance:com.progressive.Tests.validateHomePage@5ae9a829]" name="afterTest" is-config="true" duration-ms="2827" started-at="2019-12-15T14:39:25Z" finished-at="2019-12-15T14:39:28Z">
          <reporter-output>
          </reporter-output>
        </test-method> <!-- afterTest -->
      </class> <!-- com.progressive.Tests.validateHomePage -->
    </test> <!-- UAT Tests -->
  </suite> <!-- UAT Tests for Release 13.0 -->
</testng-results>
